<?xml version="1.0" encoding="UTF-8"?>
<testsuite name="edu.jsu.mcis.ConverterTest" tests="1" skipped="0" failures="0" errors="0" timestamp="2016-09-23T02:40:09" hostname="DESKTOP-V0QVIHF" time="0.029">
  <properties/>
  <testcase name="testConvertCSVtoJSON" classname="edu.jsu.mcis.ConverterTest" time="0.029"/>
  <system-out><![CDATA[]]></system-out>
  <system-err><![CDATA[]]></system-err>
</testsuite>
